# JRE version: OpenJDK Runtime Environment (8.0_76-b03) (build 1.8.0_76-release-b03)
# Java VM: OpenJDK 64-Bit Server VM (25.76-b03 mixed mode linux-amd64 compressed oops)
Heap:
 PSYoungGen      total 326656K, used 60952K [0x00000000e0000000, 0x00000000f5980000, 0x0000000100000000)
  eden space 317440K, 16% used [0x00000000e0000000,0x00000000e32de278,0x00000000f3600000)
  from space 9216K, 96% used [0x00000000f5080000,0x00000000f59280a8,0x00000000f5980000)
  to   space 17408K, 0% used [0x00000000f3780000,0x00000000f3780000,0x00000000f4880000)
 ParOldGen       total 139776K, used 25901K [0x00000000a0000000, 0x00000000a8880000, 0x00000000e0000000)
  object space 139776K, 18% used [0x00000000a0000000,0x00000000a194b400,0x00000000a8880000)
 Metaspace       used 46237K, capacity 47589K, committed 47704K, reserved 1091584K
  class space    used 5887K, capacity 6177K, committed 6272K, reserved 1048576K
GC Heap History (10 events):
Event: 11.100 GC heap before
{Heap before GC invocations=9 (full 1):
 PSYoungGen      total 170496K, used 50217K [0x00000000e0000000, 0x00000000f0680000, 0x0000000100000000)
  eden space 156160K, 22% used [0x00000000e0000000,0x00000000e230c898,0x00000000e9880000)
  from space 14336K, 99% used [0x00000000e9880000,0x00000000ea67ded8,0x00000000ea680000)
  to   space 17408K, 0% used [0x00000000ef580000,0x00000000ef580000,0x00000000f0680000)
 ParOldGen       total 99840K, used 7100K [0x00000000a0000000, 0x00000000a6180000, 0x00000000e0000000)
  object space 99840K, 7% used [0x00000000a0000000,0x00000000a06ef000,0x00000000a6180000)
 Metaspace       used 34447K, capacity 35337K, committed 35416K, reserved 1079296K
  class space    used 4467K, capacity 4736K, committed 4736K, reserved 1048576K
Event: 11.123 GC heap after
Heap after GC invocations=9 (full 1):
 PSYoungGen      total 251392K, used 9643K [0x00000000e0000000, 0x00000000f1f80000, 0x0000000100000000)
  eden space 233984K, 0% used [0x00000000e0000000,0x00000000e0000000,0x00000000ee480000)
  from space 17408K, 55% used [0x00000000ef580000,0x00000000efeeae38,0x00000000f0680000)
  to   space 17408K, 0% used [0x00000000ee480000,0x00000000ee480000,0x00000000ef580000)
 ParOldGen       total 99840K, used 7556K [0x00000000a0000000, 0x00000000a6180000, 0x00000000e0000000)
  object space 99840K, 7% used [0x00000000a0000000,0x00000000a0761070,0x00000000a6180000)
 Metaspace       used 34447K, capacity 35337K, committed 35416K, reserved 1079296K
  class space    used 4467K, capacity 4736K, committed 4736K, reserved 1048576K
}
Event: 11.123 GC heap before
{Heap before GC invocations=10 (full 2):
 PSYoungGen      total 251392K, used 9643K [0x00000000e0000000, 0x00000000f1f80000, 0x0000000100000000)
  eden space 233984K, 0% used [0x00000000e0000000,0x00000000e0000000,0x00000000ee480000)
  from space 17408K, 55% used [0x00000000ef580000,0x00000000efeeae38,0x00000000f0680000)
  to   space 17408K, 0% used [0x00000000ee480000,0x00000000ee480000,0x00000000ef580000)
 ParOldGen       total 99840K, used 7556K [0x00000000a0000000, 0x00000000a6180000, 0x00000000e0000000)
  object space 99840K, 7% used [0x00000000a0000000,0x00000000a0761070,0x00000000a6180000)
 Metaspace       used 34447K, capacity 35337K, committed 35416K, reserved 1079296K
  class space    used 4467K, capacity 4736K, committed 4736K, reserved 1048576K
Event: 11.218 GC heap after
Heap after GC invocations=10 (full 2):
 PSYoungGen      total 251392K, used 0K [0x00000000e0000000, 0x00000000f1f80000, 0x0000000100000000)
  eden space 233984K, 0% used [0x00000000e0000000,0x00000000e0000000,0x00000000ee480000)
  from space 17408K, 0% used [0x00000000ef580000,0x00000000ef580000,0x00000000f0680000)
  to   space 17408K, 0% used [0x00000000ee480000,0x00000000ee480000,0x00000000ef580000)
 ParOldGen       total 139776K, used 16292K [0x00000000a0000000, 0x00000000a8880000, 0x00000000e0000000)
  object space 139776K, 11% used [0x00000000a0000000,0x00000000a0fe9388,0x00000000a8880000)
 Metaspace       used 34357K, capacity 35153K, committed 35416K, reserved 1079296K
  class space    used 4440K, capacity 4676K, committed 4736K, reserved 1048576K
}
Event: 12.786 GC heap before
{Heap before GC invocations=11 (full 2):
 PSYoungGen      total 251392K, used 109548K [0x00000000e0000000, 0x00000000f1f80000, 0x0000000100000000)
  eden space 233984K, 46% used [0x00000000e0000000,0x00000000e6afb270,0x00000000ee480000)
  from space 17408K, 0% used [0x00000000ef580000,0x00000000ef580000,0x00000000f0680000)
  to   space 17408K, 0% used [0x00000000ee480000,0x00000000ee480000,0x00000000ef580000)
 ParOldGen       total 139776K, used 16292K [0x00000000a0000000, 0x00000000a8880000, 0x00000000e0000000)
  object space 139776K, 11% used [0x00000000a0000000,0x00000000a0fe9388,0x00000000a8880000)
 Metaspace       used 41730K, capacity 42721K, committed 42840K, reserved 1087488K
  class space    used 5411K, capacity 5687K, committed 5760K, reserved 1048576K
Event: 12.804 GC heap after
Heap after GC invocations=11 (full 2):
 PSYoungGen      total 251392K, used 12017K [0x00000000e0000000, 0x00000000f6200000, 0x0000000100000000)
  eden space 233984K, 0% used [0x00000000e0000000,0x00000000e0000000,0x00000000ee480000)
  from space 17408K, 69% used [0x00000000ee480000,0x00000000ef03c658,0x00000000ef580000)
  to   space 17920K, 0% used [0x00000000f5080000,0x00000000f5080000,0x00000000f6200000)
 ParOldGen       total 139776K, used 16300K [0x00000000a0000000, 0x00000000a8880000, 0x00000000e0000000)
  object space 139776K, 11% used [0x00000000a0000000,0x00000000a0feb388,0x00000000a8880000)
 Metaspace       used 41730K, capacity 42721K, committed 42840K, reserved 1087488K
  class space    used 5411K, capacity 5687K, committed 5760K, reserved 1048576K
}
Event: 12.804 GC heap before
{Heap before GC invocations=12 (full 3):
 PSYoungGen      total 251392K, used 12017K [0x00000000e0000000, 0x00000000f6200000, 0x0000000100000000)
  eden space 233984K, 0% used [0x00000000e0000000,0x00000000e0000000,0x00000000ee480000)
  from space 17408K, 69% used [0x00000000ee480000,0x00000000ef03c658,0x00000000ef580000)
  to   space 17920K, 0% used [0x00000000f5080000,0x00000000f5080000,0x00000000f6200000)
 ParOldGen       total 139776K, used 16300K [0x00000000a0000000, 0x00000000a8880000, 0x00000000e0000000)
  object space 139776K, 11% used [0x00000000a0000000,0x00000000a0feb388,0x00000000a8880000)
 Metaspace       used 41730K, capacity 42721K, committed 42840K, reserved 1087488K
  class space    used 5411K, capacity 5687K, committed 5760K, reserved 1048576K
Event: 13.006 GC heap after
Heap after GC invocations=12 (full 3):
 PSYoungGen      total 251392K, used 0K [0x00000000e0000000, 0x00000000f6200000, 0x0000000100000000)
  eden space 233984K, 0% used [0x00000000e0000000,0x00000000e0000000,0x00000000ee480000)
  from space 17408K, 0% used [0x00000000ee480000,0x00000000ee480000,0x00000000ef580000)
  to   space 17920K, 0% used [0x00000000f5080000,0x00000000f5080000,0x00000000f6200000)
 ParOldGen       total 139776K, used 25901K [0x00000000a0000000, 0x00000000a8880000, 0x00000000e0000000)
  object space 139776K, 18% used [0x00000000a0000000,0x00000000a194b400,0x00000000a8880000)
 Metaspace       used 41730K, capacity 42721K, committed 42840K, reserved 1087488K
  class space    used 5411K, capacity 5687K, committed 5760K, reserved 1048576K
}
Event: 88.465 GC heap before
{Heap before GC invocations=13 (full 3):
 PSYoungGen      total 251392K, used 233984K [0x00000000e0000000, 0x00000000f6200000, 0x0000000100000000)
  eden space 233984K, 100% used [0x00000000e0000000,0x00000000ee480000,0x00000000ee480000)
  from space 17408K, 0% used [0x00000000ee480000,0x00000000ee480000,0x00000000ef580000)
  to   space 17920K, 0% used [0x00000000f5080000,0x00000000f5080000,0x00000000f6200000)
 ParOldGen       total 139776K, used 25901K [0x00000000a0000000, 0x00000000a8880000, 0x00000000e0000000)
  object space 139776K, 18% used [0x00000000a0000000,0x00000000a194b400,0x00000000a8880000)
 Metaspace       used 43835K, capacity 45123K, committed 45272K, reserved 1089536K
  class space    used 5597K, capacity 5839K, committed 5888K, reserved 1048576K
Event: 88.476 GC heap after
Heap after GC invocations=13 (full 3):
 PSYoungGen      total 326656K, used 8864K [0x00000000e0000000, 0x00000000f5980000, 0x0000000100000000)
  eden space 317440K, 0% used [0x00000000e0000000,0x00000000e0000000,0x00000000f3600000)
  from space 9216K, 96% used [0x00000000f5080000,0x00000000f59280a8,0x00000000f5980000)
  to   space 17408K, 0% used [0x00000000f3780000,0x00000000f3780000,0x00000000f4880000)
 ParOldGen       total 139776K, used 25901K [0x00000000a0000000, 0x00000000a8880000, 0x00000000e0000000)
  object space 139776K, 18% used [0x00000000a0000000,0x00000000a194b400,0x00000000a8880000)
 Metaspace       used 43835K, capacity 45123K, committed 45272K, reserved 1089536K
  class space    used 5597K, capacity 5839K, committed 5888K, reserved 1048576K
}

